<?xml version="1.0" encoding="UTF-8"?>
<!-- Generated by org.testng.reporters.JUnitReportReporter -->
<testsuite skipped="0" hostname="C1GF105IPTV" name="com.aera.test.ValidateVacationTest" tests="1" failures="0" timestamp="09 Mar 2020 09:34:12 GMT" time="13.869" errors="0">
  <testcase name="validateDroppable" time="13.869" classname="com.aera.test.ValidateVacationTest"/>
</testsuite> <!-- com.aera.test.ValidateVacationTest -->
